{"synthetic": false,
 "schemaVersion": "2025-09-10",
 "outputs":
 {"o": ["021040a232bfee6b.olean"],
  "m": false,
  "i": "014b9754b982ddf5.ilean",
  "c": "730a2d6392c3c385.c"},
 "log":
 [{"message":
   ".> LEAN_PATH=/Users/kevin/projects/perqed/.lake/packages/Cli/.lake/build/lib/lean:/Users/kevin/projects/perqed/.lake/packages/batteries/.lake/build/lib/lean:/Users/kevin/projects/perqed/.lake/packages/Qq/.lake/build/lib/lean:/Users/kevin/projects/perqed/.lake/packages/aesop/.lake/build/lib/lean:/Users/kevin/projects/perqed/.lake/packages/proofwidgets/.lake/build/lib/lean:/Users/kevin/projects/perqed/.lake/packages/importGraph/.lake/build/lib/lean:/Users/kevin/projects/perqed/.lake/packages/LeanSearchClient/.lake/build/lib/lean:/Users/kevin/projects/perqed/.lake/packages/plausible/.lake/build/lib/lean:/Users/kevin/projects/perqed/.lake/packages/mathlib/.lake/build/lib/lean:/Users/kevin/projects/perqed/.lake/packages/repl/.lake/build/lib/lean:/Users/kevin/projects/perqed/.lake/build/lib/lean /Users/kevin/.elan/toolchains/leanprover--lean4---v4.30.0-rc2/bin/lean /Users/kevin/projects/perqed/src/lean/erdos265/beta2_boundary.lean -o /Users/kevin/projects/perqed/.lake/build/lib/lean/erdos265/beta2_boundary.olean -i /Users/kevin/projects/perqed/.lake/build/lib/lean/erdos265/beta2_boundary.ilean -c /Users/kevin/projects/perqed/.lake/build/ir/erdos265/beta2_boundary.c --setup /Users/kevin/projects/perqed/.lake/build/ir/erdos265/beta2_boundary.setup.json --json",
   "level": "trace"},
  {"message":
   "src/lean/erdos265/beta2_boundary.lean:45:8: declaration uses `sorry`",
   "level": "warning"},
  {"message":
   "src/lean/erdos265/beta2_boundary.lean:52:8: declaration uses `sorry`",
   "level": "warning"},
  {"message":
   "src/lean/erdos265/beta2_boundary.lean:60:8: declaration uses `sorry`",
   "level": "warning"},
  {"message":
   "src/lean/erdos265/beta2_boundary.lean:74:8: declaration uses `sorry`",
   "level": "warning"},
  {"message":
   "src/lean/erdos265/beta2_boundary.lean:87:8: declaration uses `sorry`",
   "level": "warning"},
  {"message":
   "src/lean/erdos265/beta2_boundary.lean:105:8: declaration uses `sorry`",
   "level": "warning"},
  {"message":
   "src/lean/erdos265/beta2_boundary.lean:113:8: declaration uses `sorry`",
   "level": "warning"},
  {"message":
   "src/lean/erdos265/beta2_boundary.lean:125:8: declaration uses `sorry`",
   "level": "warning"},
  {"message":
   "src/lean/erdos265/beta2_boundary.lean:132:8: declaration uses `sorry`",
   "level": "warning"}],
 "inputs":
 [["erdos265.beta2_boundary:deps",
   [["deps",
     [["perqed/VerifiedConstruction:extraDep",
       [["@perqed:extraDep", "00000000000006bb"]]],
      ["imports",
       [["Mathlib transitive imports (legacy)", "b851a8e5aa951302"],
        ["Mathlib:importAllArts", "ae402e6d874ae9a0"],
        ["erdos265.erdos265_strict_target transitive imports (legacy)",
         "1213389096d5c55c"],
        ["erdos265.erdos265_strict_target:importAllArts", "7a67438fda8f6fcc"],
        ["erdos265.negative_resolution transitive imports (legacy)",
         "1213389096d5c55c"],
        ["erdos265.negative_resolution:importAllArts", "91879d3280a199f8"]]]]],
    ["libs",
     [["import dynlibs", "00000000000006bb"],
      ["package external libraries", "00000000000006bb"],
      ["module dynlibs", "00000000000006bb"],
      ["module plugins", "00000000000006bb"]]]]],
  ["Lean 4.30.0, commit 3dc1a088b6d2d8eafe25a7cd7ec7b58d731bd7cc",
   "2c8d2623007dfc36"],
  ["/Users/kevin/projects/perqed/src/lean/erdos265/beta2_boundary.lean",
   "5a4632a616b31e14"],
  ["options", "00000000000006bb"],
  ["isModule: false", "feefd2a0d3a1847e"],
  ["Module.name: erdos265.beta2_boundary", "fd8f57ae522c597f"],
  ["Package.id?: (some perqed)", "8f8d3ee9ae42d2c1"],
  ["Module.leanArgs: #[]", "00000000000006bb"]],
 "depHash": "f3a761edf5bec163"}