{"synthetic": false,
 "schemaVersion": "2025-09-10",
 "outputs":
 {"o": ["734c791b59ae89ce.olean"],
  "m": false,
  "i": "eabc162e52ad5c15.ilean",
  "c": "f02b1f90a3e77f47.c"},
 "log":
 [{"message":
   ".> LEAN_PATH=/Users/kevin/projects/perqed/.lake/packages/Cli/.lake/build/lib/lean:/Users/kevin/projects/perqed/.lake/packages/batteries/.lake/build/lib/lean:/Users/kevin/projects/perqed/.lake/packages/Qq/.lake/build/lib/lean:/Users/kevin/projects/perqed/.lake/packages/aesop/.lake/build/lib/lean:/Users/kevin/projects/perqed/.lake/packages/proofwidgets/.lake/build/lib/lean:/Users/kevin/projects/perqed/.lake/packages/importGraph/.lake/build/lib/lean:/Users/kevin/projects/perqed/.lake/packages/LeanSearchClient/.lake/build/lib/lean:/Users/kevin/projects/perqed/.lake/packages/plausible/.lake/build/lib/lean:/Users/kevin/projects/perqed/.lake/packages/mathlib/.lake/build/lib/lean:/Users/kevin/projects/perqed/.lake/packages/repl/.lake/build/lib/lean:/Users/kevin/projects/perqed/.lake/build/lib/lean /Users/kevin/.elan/toolchains/leanprover--lean4---v4.30.0-rc2/bin/lean /Users/kevin/projects/perqed/src/lean/erdos265/beta2_boundary.lean -o /Users/kevin/projects/perqed/.lake/build/lib/lean/beta2_boundary.olean -i /Users/kevin/projects/perqed/.lake/build/lib/lean/beta2_boundary.ilean -c /Users/kevin/projects/perqed/.lake/build/ir/beta2_boundary.c --setup /Users/kevin/projects/perqed/.lake/build/ir/beta2_boundary.setup.json --json",
   "level": "trace"},
  {"message":
   "src/lean/erdos265/beta2_boundary.lean:40:6: declaration uses `sorry`",
   "level": "warning"},
  {"message":
   "src/lean/erdos265/beta2_boundary.lean:51:6: declaration uses `sorry`",
   "level": "warning"},
  {"message":
   "src/lean/erdos265/beta2_boundary.lean:63:6: declaration uses `sorry`",
   "level": "warning"},
  {"message":
   "src/lean/erdos265/beta2_boundary.lean:84:6: declaration uses `sorry`",
   "level": "warning"},
  {"message":
   "src/lean/erdos265/beta2_boundary.lean:92:6: declaration uses `sorry`",
   "level": "warning"},
  {"message":
   "src/lean/erdos265/beta2_boundary.lean:108:6: declaration uses `sorry`",
   "level": "warning"},
  {"message":
   "src/lean/erdos265/beta2_boundary.lean:118:6: declaration uses `sorry`",
   "level": "warning"},
  {"message":
   "src/lean/erdos265/beta2_boundary.lean:168:8: declaration uses `sorry`",
   "level": "warning"},
  {"message":
   "src/lean/erdos265/beta2_boundary.lean:177:8: declaration uses `sorry`",
   "level": "warning"}],
 "inputs":
 [["beta2_boundary:deps",
   [["deps",
     [["perqed/VerifiedConstruction:extraDep",
       [["@perqed:extraDep", "00000000000006bb"]]],
      ["imports",
       [["Mathlib transitive imports (legacy)", "b851a8e5aa951302"],
        ["Mathlib:importAllArts", "ae402e6d874ae9a0"],
        ["erdos265_strict_target transitive imports (legacy)",
         "1213389096d5c55c"],
        ["erdos265_strict_target:importAllArts", "b79960773e6abcb0"]]]]],
    ["libs",
     [["import dynlibs", "00000000000006bb"],
      ["package external libraries", "00000000000006bb"],
      ["module dynlibs", "00000000000006bb"],
      ["module plugins", "00000000000006bb"]]]]],
  ["Lean 4.30.0, commit 3dc1a088b6d2d8eafe25a7cd7ec7b58d731bd7cc",
   "2c8d2623007dfc36"],
  ["/Users/kevin/projects/perqed/src/lean/erdos265/beta2_boundary.lean",
   "e54dd3a1bc5d653b"],
  ["options", "00000000000006bb"],
  ["isModule: false", "feefd2a0d3a1847e"],
  ["Module.name: beta2_boundary", "b65c51a670f78da7"],
  ["Package.id?: (some perqed)", "8f8d3ee9ae42d2c1"],
  ["Module.leanArgs: #[]", "00000000000006bb"]],
 "depHash": "a4f5e66323763bc1"}