{"synthetic": false,
 "schemaVersion": "2025-09-10",
 "outputs":
 {"o": ["5bf6c08e115e25ca.olean"],
  "m": false,
  "i": "5519907c1fc7c9a5.ilean",
  "c": "4a151b3878c3a2ef.c"},
 "log":
 [{"message":
   ".> LEAN_PATH=/Users/kevin/projects/perqed/.lake/packages/Cli/.lake/build/lib/lean:/Users/kevin/projects/perqed/.lake/packages/batteries/.lake/build/lib/lean:/Users/kevin/projects/perqed/.lake/packages/Qq/.lake/build/lib/lean:/Users/kevin/projects/perqed/.lake/packages/aesop/.lake/build/lib/lean:/Users/kevin/projects/perqed/.lake/packages/proofwidgets/.lake/build/lib/lean:/Users/kevin/projects/perqed/.lake/packages/importGraph/.lake/build/lib/lean:/Users/kevin/projects/perqed/.lake/packages/LeanSearchClient/.lake/build/lib/lean:/Users/kevin/projects/perqed/.lake/packages/plausible/.lake/build/lib/lean:/Users/kevin/projects/perqed/.lake/packages/mathlib/.lake/build/lib/lean:/Users/kevin/projects/perqed/.lake/packages/repl/.lake/build/lib/lean:/Users/kevin/projects/perqed/.lake/build/lib/lean /Users/kevin/.elan/toolchains/leanprover--lean4---v4.30.0-rc2/bin/lean /Users/kevin/projects/perqed/src/lean/erdos265/erdos265_strict_target.lean -o /Users/kevin/projects/perqed/.lake/build/lib/lean/erdos265_strict_target.olean -i /Users/kevin/projects/perqed/.lake/build/lib/lean/erdos265_strict_target.ilean -c /Users/kevin/projects/perqed/.lake/build/ir/erdos265_strict_target.c --setup /Users/kevin/projects/perqed/.lake/build/ir/erdos265_strict_target.setup.json --json",
   "level": "trace"},
  {"message":
   "src/lean/erdos265/erdos265_strict_target.lean:45:8: declaration uses `sorry`",
   "level": "warning"}],
 "inputs":
 [["erdos265_strict_target:deps",
   [["deps",
     [["perqed/VerifiedConstruction:extraDep",
       [["@perqed:extraDep", "00000000000006bb"]]],
      ["imports",
       [["Mathlib transitive imports (legacy)", "b851a8e5aa951302"],
        ["Mathlib:importAllArts", "ae402e6d874ae9a0"]]]]],
    ["libs",
     [["import dynlibs", "00000000000006bb"],
      ["package external libraries", "00000000000006bb"],
      ["module dynlibs", "00000000000006bb"],
      ["module plugins", "00000000000006bb"]]]]],
  ["Lean 4.30.0, commit 3dc1a088b6d2d8eafe25a7cd7ec7b58d731bd7cc",
   "2c8d2623007dfc36"],
  ["/Users/kevin/projects/perqed/src/lean/erdos265/erdos265_strict_target.lean",
   "64af7eba29c6a008"],
  ["options", "00000000000006bb"],
  ["isModule: false", "feefd2a0d3a1847e"],
  ["Module.name: erdos265_strict_target", "c1d3e92e6be19063"],
  ["Package.id?: (some perqed)", "8f8d3ee9ae42d2c1"],
  ["Module.leanArgs: #[]", "00000000000006bb"]],
 "depHash": "4c57b71172312ad9"}