{"synthetic": false,
 "schemaVersion": "2025-09-10",
 "outputs":
 {"o": ["ab83572daf6ff88c.olean"],
  "m": false,
  "i": "ee26708384a48c02.ilean",
  "c": "c896448c01a83812.c"},
 "log":
 [{"message":
   ".> LEAN_PATH=/Users/kevin/projects/perqed/.lake/packages/Cli/.lake/build/lib/lean:/Users/kevin/projects/perqed/.lake/packages/batteries/.lake/build/lib/lean:/Users/kevin/projects/perqed/.lake/packages/Qq/.lake/build/lib/lean:/Users/kevin/projects/perqed/.lake/packages/aesop/.lake/build/lib/lean:/Users/kevin/projects/perqed/.lake/packages/proofwidgets/.lake/build/lib/lean:/Users/kevin/projects/perqed/.lake/packages/importGraph/.lake/build/lib/lean:/Users/kevin/projects/perqed/.lake/packages/LeanSearchClient/.lake/build/lib/lean:/Users/kevin/projects/perqed/.lake/packages/plausible/.lake/build/lib/lean:/Users/kevin/projects/perqed/.lake/packages/mathlib/.lake/build/lib/lean:/Users/kevin/projects/perqed/.lake/packages/repl/.lake/build/lib/lean:/Users/kevin/projects/perqed/.lake/build/lib/lean /Users/kevin/.elan/toolchains/leanprover--lean4---v4.30.0-rc2/bin/lean /Users/kevin/projects/perqed/src/lean/erdos265/erdos265_obstruction.lean -o /Users/kevin/projects/perqed/.lake/build/lib/lean/erdos265_obstruction.olean -i /Users/kevin/projects/perqed/.lake/build/lib/lean/erdos265_obstruction.ilean -c /Users/kevin/projects/perqed/.lake/build/ir/erdos265_obstruction.c --setup /Users/kevin/projects/perqed/.lake/build/ir/erdos265_obstruction.setup.json --json",
   "level": "trace"},
  {"message":
   "src/lean/erdos265/erdos265_obstruction.lean:181:8: declaration uses `sorry`",
   "level": "warning"}],
 "inputs":
 [["erdos265_obstruction:deps",
   [["deps",
     [["perqed/VerifiedConstruction:extraDep",
       [["@perqed:extraDep", "00000000000006bb"]]],
      ["imports",
       [["Mathlib transitive imports (legacy)", "b851a8e5aa951302"],
        ["Mathlib:importAllArts", "ae402e6d874ae9a0"],
        ["erdos265_strict_target transitive imports (legacy)",
         "1213389096d5c55c"],
        ["erdos265_strict_target:importAllArts", "b79960773e6abcb0"],
        ["kt_proof_d2 transitive imports (legacy)", "1213389096d5c55c"],
        ["kt_proof_d2:importAllArts", "18eabc1181d0dd37"]]]]],
    ["libs",
     [["import dynlibs", "00000000000006bb"],
      ["package external libraries", "00000000000006bb"],
      ["module dynlibs", "00000000000006bb"],
      ["module plugins", "00000000000006bb"]]]]],
  ["Lean 4.30.0, commit 3dc1a088b6d2d8eafe25a7cd7ec7b58d731bd7cc",
   "2c8d2623007dfc36"],
  ["/Users/kevin/projects/perqed/src/lean/erdos265/erdos265_obstruction.lean",
   "5e53664823419eec"],
  ["options", "00000000000006bb"],
  ["isModule: false", "feefd2a0d3a1847e"],
  ["Module.name: erdos265_obstruction", "314ea0605ef5282f"],
  ["Package.id?: (some perqed)", "8f8d3ee9ae42d2c1"],
  ["Module.leanArgs: #[]", "00000000000006bb"]],
 "depHash": "02e3309a91d6b9bd"}