{"synthetic": false,
 "schemaVersion": "2025-09-10",
 "outputs":
 {"o": ["02bb5657d4665f10.olean"],
  "m": false,
  "i": "9defec6b6c218cae.ilean",
  "c": "eaad68e86ef54fdb.c"},
 "log":
 [{"message":
   ".> LEAN_PATH=/Users/kevin/projects/perqed/.lake/packages/Cli/.lake/build/lib/lean:/Users/kevin/projects/perqed/.lake/packages/batteries/.lake/build/lib/lean:/Users/kevin/projects/perqed/.lake/packages/Qq/.lake/build/lib/lean:/Users/kevin/projects/perqed/.lake/packages/aesop/.lake/build/lib/lean:/Users/kevin/projects/perqed/.lake/packages/proofwidgets/.lake/build/lib/lean:/Users/kevin/projects/perqed/.lake/packages/importGraph/.lake/build/lib/lean:/Users/kevin/projects/perqed/.lake/packages/LeanSearchClient/.lake/build/lib/lean:/Users/kevin/projects/perqed/.lake/packages/plausible/.lake/build/lib/lean:/Users/kevin/projects/perqed/.lake/packages/mathlib/.lake/build/lib/lean:/Users/kevin/projects/perqed/.lake/packages/repl/.lake/build/lib/lean:/Users/kevin/projects/perqed/.lake/build/lib/lean /Users/kevin/.elan/toolchains/leanprover--lean4---v4.30.0-rc2/bin/lean /Users/kevin/projects/perqed/src/lean/kt_combinatorics.lean -o /Users/kevin/projects/perqed/.lake/build/lib/lean/kt_combinatorics.olean -i /Users/kevin/projects/perqed/.lake/build/lib/lean/kt_combinatorics.ilean -c /Users/kevin/projects/perqed/.lake/build/ir/kt_combinatorics.c --setup /Users/kevin/projects/perqed/.lake/build/ir/kt_combinatorics.setup.json --json",
   "level": "trace"},
  {"message":
   "src/lean/kt_combinatorics.lean:79:42: unused variable `hR`\n\nNote: This linter can be disabled with `set_option linter.unusedVariables false`",
   "level": "warning"}],
 "inputs":
 [["kt_combinatorics:deps",
   [["deps",
     [["perqed/VerifiedConstruction:extraDep",
       [["@perqed:extraDep", "00000000000006bb"]]],
      ["imports",
       [["Mathlib transitive imports (legacy)", "b851a8e5aa951302"],
        ["Mathlib:importAllArts", "ae402e6d874ae9a0"],
        ["verified_analytic transitive imports (legacy)", "1213389096d5c55c"],
        ["verified_analytic:importAllArts", "e8228c0b1a84f34d"],
        ["verified_rounding transitive imports (legacy)", "1213389096d5c55c"],
        ["verified_rounding:importAllArts", "81084aa31163fb58"]]]]],
    ["libs",
     [["import dynlibs", "00000000000006bb"],
      ["package external libraries", "00000000000006bb"],
      ["module dynlibs", "00000000000006bb"],
      ["module plugins", "00000000000006bb"]]]]],
  ["Lean 4.30.0, commit 3dc1a088b6d2d8eafe25a7cd7ec7b58d731bd7cc",
   "2c8d2623007dfc36"],
  ["/Users/kevin/projects/perqed/src/lean/kt_combinatorics.lean",
   "cb3b5bec96d4634d"],
  ["options", "00000000000006bb"],
  ["isModule: false", "feefd2a0d3a1847e"],
  ["Module.name: kt_combinatorics", "6bad6b1d94fcb4c5"],
  ["Package.id?: (some perqed)", "8f8d3ee9ae42d2c1"],
  ["Module.leanArgs: #[]", "00000000000006bb"]],
 "depHash": "219e5c115a6a3890"}