{"synthetic": false,
 "schemaVersion": "2025-09-10",
 "outputs":
 {"o": ["57a96aebb61b96fd.olean"],
  "m": false,
  "i": "7047766fc69dcb37.ilean",
  "c": "d7ed33d1bc073212.c"},
 "log":
 [{"message":
   ".> LEAN_PATH=/Users/kevin/projects/perqed/.lake/packages/Cli/.lake/build/lib/lean:/Users/kevin/projects/perqed/.lake/packages/batteries/.lake/build/lib/lean:/Users/kevin/projects/perqed/.lake/packages/Qq/.lake/build/lib/lean:/Users/kevin/projects/perqed/.lake/packages/aesop/.lake/build/lib/lean:/Users/kevin/projects/perqed/.lake/packages/proofwidgets/.lake/build/lib/lean:/Users/kevin/projects/perqed/.lake/packages/importGraph/.lake/build/lib/lean:/Users/kevin/projects/perqed/.lake/packages/LeanSearchClient/.lake/build/lib/lean:/Users/kevin/projects/perqed/.lake/packages/plausible/.lake/build/lib/lean:/Users/kevin/projects/perqed/.lake/packages/mathlib/.lake/build/lib/lean:/Users/kevin/projects/perqed/.lake/packages/repl/.lake/build/lib/lean:/Users/kevin/projects/perqed/.lake/build/lib/lean /Users/kevin/.elan/toolchains/leanprover--lean4---v4.30.0-rc2/bin/lean /Users/kevin/projects/perqed/src/lean/negative_resolution.lean -o /Users/kevin/projects/perqed/.lake/build/lib/lean/negative_resolution.olean -i /Users/kevin/projects/perqed/.lake/build/lib/lean/negative_resolution.ilean -c /Users/kevin/projects/perqed/.lake/build/ir/negative_resolution.c --setup /Users/kevin/projects/perqed/.lake/build/ir/negative_resolution.setup.json --json",
   "level": "trace"}],
 "inputs":
 [["negative_resolution:deps",
   [["deps",
     [["perqed/VerifiedConstruction:extraDep",
       [["@perqed:extraDep", "00000000000006bb"]]],
      ["imports",
       [["Mathlib transitive imports (legacy)", "b851a8e5aa951302"],
        ["Mathlib:importAllArts", "ae402e6d874ae9a0"]]]]],
    ["libs",
     [["import dynlibs", "00000000000006bb"],
      ["package external libraries", "00000000000006bb"],
      ["module dynlibs", "00000000000006bb"],
      ["module plugins", "00000000000006bb"]]]]],
  ["Lean 4.30.0, commit 3dc1a088b6d2d8eafe25a7cd7ec7b58d731bd7cc",
   "2c8d2623007dfc36"],
  ["/Users/kevin/projects/perqed/src/lean/negative_resolution.lean",
   "5a34fc1b83d9e4a8"],
  ["options", "00000000000006bb"],
  ["isModule: false", "feefd2a0d3a1847e"],
  ["Module.name: negative_resolution", "6131bae878c3614f"],
  ["Package.id?: (some perqed)", "8f8d3ee9ae42d2c1"],
  ["Module.leanArgs: #[]", "00000000000006bb"]],
 "depHash": "e150913fd1e2a68c"}