{"synthetic": false,
 "schemaVersion": "2025-09-10",
 "outputs":
 {"o": ["e5a59809c6b5c521.olean"],
  "i": "1a43dd967ccfe75b.ilean",
  "c": "80f2c51fa47c88e8.c"},
 "log":
 [{"message":
   ".> LEAN_PATH=/Users/kevin/projects/perqed/.lake/build/lib/lean /Users/kevin/.elan/toolchains/leanprover--lean4---v4.28.0/bin/lean /Users/kevin/projects/perqed/src/lean/TorusTopology.lean -o /Users/kevin/projects/perqed/.lake/build/lib/lean/TorusTopology.olean -i /Users/kevin/projects/perqed/.lake/build/lib/lean/TorusTopology.ilean -c /Users/kevin/projects/perqed/.lake/build/ir/TorusTopology.c --setup /Users/kevin/projects/perqed/.lake/build/ir/TorusTopology.setup.json --json",
   "level": "trace"}],
 "inputs":
 [["TorusTopology:deps",
   [["deps",
     [["perqed/TorusTopology:extraDep",
       [["@perqed:extraDep", "00000000000006bb"]]],
      ["imports", "00000000000006bb"]]],
    ["libs",
     [["import dynlibs", "00000000000006bb"],
      ["package external libraries", "00000000000006bb"],
      ["module dynlibs", "00000000000006bb"],
      ["module plugins", "00000000000006bb"]]]]],
  ["Lean 4.28.0, commit 7e01a1bf5c70fc6167d49c345d3bf80596e9a79b",
   "a96bc04a2e5e9630"],
  ["/Users/kevin/projects/perqed/src/lean/TorusTopology.lean",
   "9a90ae39fef1cf17"],
  ["options", [["-DautoImplicit=false", "4a85acb881fd49d0"]]],
  ["Module.leanArgs: #[]", "00000000000006bb"]],
 "depHash": "dd175016b1ba9722"}